[04-Dec-2025 20:03:18 America/Toronto] === NOUVEAU TRAITEMENT  ===
[04-Dec-2025 20:03:30 America/Toronto] **** DEBUT LOG ****
[04-Dec-2025 20:03:30 America/Toronto] 1 (333) Image ID -> 9
[04-Dec-2025 20:03:30 America/Toronto] Résolution du chemin: ./upload/2025/12/04/20251204200212-d2481c9c.jpg
[04-Dec-2025 20:03:30 America/Toronto] Chemin réel: /home/moberley/piwigo/upload/2025/12/04/20251204200212-d2481c9c.jpg
[04-Dec-2025 20:03:30 America/Toronto] === GET XMP ===
[04-Dec-2025 20:03:30 America/Toronto] 2 (378) Fichier local -> /home/moberley/piwigo/upload/2025/12/04/20251204200212-d2481c9c.jpg
[04-Dec-2025 20:03:30 America/Toronto] 3 - le rep ./_data/tmp existe
[04-Dec-2025 20:03:30 America/Toronto] STEP2B: file_get_contents SUCCESS, size = 90166 bytes
[04-Dec-2025 20:03:30 America/Toronto] Temp file size = 90166 octets
[04-Dec-2025 20:03:30 America/Toronto] SUCCESS: Returning data
[04-Dec-2025 20:03:49 America/Toronto] === SAVE XMP REQUEST ===
[04-Dec-2025 20:03:49 America/Toronto] -> 1 visages à  enregistrer
[04-Dec-2025 20:03:49 America/Toronto] Résolution du chemin: ./upload/2025/12/04/20251204200212-d2481c9c.jpg
[04-Dec-2025 20:03:49 America/Toronto] Chemin réel: /home/moberley/piwigo/upload/2025/12/04/20251204200212-d2481c9c.jpg
[04-Dec-2025 20:03:49 America/Toronto] Fichier local: /home/moberley/piwigo/upload/2025/12/04/20251204200212-d2481c9c.jpg
[04-Dec-2025 20:03:49 America/Toronto] Chemin local résolu: /home/moberley/piwigo/upload/2025/12/04/20251204200212-d2481c9c.jpg
[04-Dec-2025 20:03:49 America/Toronto] Fichier pour lecture métadonnées: ./_data/tmp/facetag_read_69322f7510a06.jpg
[04-Dec-2025 20:03:49 America/Toronto] Backup créé
[04-Dec-2025 20:03:49 America/Toronto] Permissions du fichier mises à 0666 pour permettre l'écriture
[04-Dec-2025 20:03:49 America/Toronto] Wrapper Image Path : ./_data/tmp/facetag_read_69322f7510a06.jpg
[04-Dec-2025 20:03:49 America/Toronto] INFO: Using PHP Imagick extension
[04-Dec-2025 20:03:49 America/Toronto] Reader - XMP brut trouve, longueur: 2942 octets
[04-Dec-2025 20:03:49 America/Toronto] parseXmp - dc:subject trouves: 0
[04-Dec-2025 20:03:49 America/Toronto] parseXmp - hierarchicalSubject trouves: 0
[04-Dec-2025 20:03:49 America/Toronto] parseXmp - TagsList trouves: 0
[04-Dec-2025 20:03:49 America/Toronto] parseXmp - CatalogSets trouves: 0
[04-Dec-2025 20:03:49 America/Toronto] parseXmp - Face regions trouvees: 0
[04-Dec-2025 20:03:49 America/Toronto] === DEBUG MERGER ===
[04-Dec-2025 20:03:49 America/Toronto] Current metadata keys: exif, iptc, xmp, xmp_raw, orientation
[04-Dec-2025 20:03:49 America/Toronto] XMP keys: subjects, hierarchical_subjects, tags_list, catalog_sets, faces
[04-Dec-2025 20:03:49 America/Toronto] XMP subjects: Array
(
)

[04-Dec-2025 20:03:49 America/Toronto] XMP hierarchical_subjects: Array
(
)

[04-Dec-2025 20:03:49 America/Toronto] XMP tags_list: Array
(
)

[04-Dec-2025 20:03:49 America/Toronto] XMP faces: Array
(
)

[04-Dec-2025 20:03:49 America/Toronto] IPTC Keys: 
[04-Dec-2025 20:03:49 America/Toronto] Préexistant - Non-face keywords: 0
[04-Dec-2025 20:03:49 America/Toronto] Préexistant - Non-face subjects: 0
[04-Dec-2025 20:03:49 America/Toronto] Préexistant - Non-face hierarchical: 0
[04-Dec-2025 20:03:49 America/Toronto] Préexistant - Non-face tagslist: 0
[04-Dec-2025 20:03:49 America/Toronto] Préexistant - Non-face catalogsets: 0
[04-Dec-2025 20:03:49 America/Toronto] Métadonnées fusionnées
[04-Dec-2025 20:03:49 America/Toronto] === WRITER SIMPLE : Début ===
[04-Dec-2025 20:03:49 America/Toronto] Wrapper Image Path : ./_data/tmp/facetag_write_69322f7510a04.jpg
[04-Dec-2025 20:03:49 America/Toronto] INFO: Using PHP Imagick extension
[04-Dec-2025 20:03:49 America/Toronto] Dimensions : 2732x2048
[04-Dec-2025 20:03:49 America/Toronto] 📁 Template dir: ./plugins/face_tag_editor/template/
[04-Dec-2025 20:03:49 America/Toronto] 📄 xmp_template.xml exists: YES
[04-Dec-2025 20:03:49 America/Toronto] ✅ Template principal chargé: 1850 bytes
[04-Dec-2025 20:03:49 America/Toronto] ✅ Template MPReg chargé
[04-Dec-2025 20:03:49 America/Toronto] ✅ Template MWG-RS chargé
[04-Dec-2025 20:03:49 America/Toronto] Error getting profile via PHP Imagick: Can not get image profile
[04-Dec-2025 20:03:49 America/Toronto] IPTC Keywords écrits : 1
[04-Dec-2025 20:03:49 America/Toronto] === WRITER SIMPLE : Succès ===
[04-Dec-2025 20:03:49 America/Toronto]  XMP écrit sur fichier temporaire
[04-Dec-2025 20:03:49 America/Toronto] >> main.inc.php
[04-Dec-2025 20:03:49 America/Toronto] Tentative copie vers: /home/moberley/piwigo/upload/2025/12/04/20251204200212-d2481c9c.jpg
[04-Dec-2025 20:03:49 America/Toronto] Fichier existe: OUI
[04-Dec-2025 20:03:49 America/Toronto] Writable: OUI
[04-Dec-2025 20:03:49 America/Toronto] Fichier copié vers: /home/moberley/piwigo/upload/2025/12/04/20251204200212-d2481c9c.jpg
[04-Dec-2025 20:03:49 America/Toronto] Cache vidé et date de modification mise à jour
[04-Dec-2025 20:03:49 America/Toronto] ✓ Métadonnées Piwigo synchronisées pour image 9
[04-Dec-2025 20:03:49 America/Toronto]  Métadata synchronisées
[04-Dec-2025 20:03:52 America/Toronto] Résolution du chemin: ./upload/2025/12/04/20251204200212-d2481c9c.jpg
[04-Dec-2025 20:03:52 America/Toronto] Chemin réel: /home/moberley/piwigo/upload/2025/12/04/20251204200212-d2481c9c.jpg
